{"type":"server-started","port":58158,"url":"http://localhost:58158","screen_dir":"/Users/richgates/Documents/vibecoding/feedsilo/.superpowers/brainstorm/8783-1773344881"}
{"type":"screen-added","file":"/Users/richgates/Documents/vibecoding/feedsilo/.superpowers/brainstorm/8783-1773344881/home-design.html"}
{"type":"screen-updated","file":"/Users/richgates/Documents/vibecoding/feedsilo/.superpowers/brainstorm/8783-1773344881/home-design.html"}
{"type":"screen-updated","file":"/Users/richgates/Documents/vibecoding/feedsilo/.superpowers/brainstorm/8783-1773344881/home-design.html"}
{"type":"screen-updated","file":"/Users/richgates/Documents/vibecoding/feedsilo/.superpowers/brainstorm/8783-1773344881/home-design.html"}
{"type":"screen-updated","file":"/Users/richgates/Documents/vibecoding/feedsilo/.superpowers/brainstorm/8783-1773344881/home-design.html"}
{"type":"screen-updated","file":"/Users/richgates/Documents/vibecoding/feedsilo/.superpowers/brainstorm/8783-1773344881/home-design.html"}
{"type":"screen-updated","file":"/Users/richgates/Documents/vibecoding/feedsilo/.superpowers/brainstorm/8783-1773344881/home-design.html"}
{"type":"screen-updated","file":"/Users/richgates/Documents/vibecoding/feedsilo/.superpowers/brainstorm/8783-1773344881/home-design.html"}
{"type":"screen-updated","file":"/Users/richgates/Documents/vibecoding/feedsilo/.superpowers/brainstorm/8783-1773344881/home-design.html"}
{"type":"screen-updated","file":"/Users/richgates/Documents/vibecoding/feedsilo/.superpowers/brainstorm/8783-1773344881/home-design.html"}
{"type":"screen-updated","file":"/Users/richgates/Documents/vibecoding/feedsilo/.superpowers/brainstorm/8783-1773344881/home-design.html"}
{"type":"screen-updated","file":"/Users/richgates/Documents/vibecoding/feedsilo/.superpowers/brainstorm/8783-1773344881/home-design.html"}
{"type":"screen-updated","file":"/Users/richgates/Documents/vibecoding/feedsilo/.superpowers/brainstorm/8783-1773344881/home-design.html"}
{"type":"screen-updated","file":"/Users/richgates/Documents/vibecoding/feedsilo/.superpowers/brainstorm/8783-1773344881/home-design.html"}
{"type":"screen-updated","file":"/Users/richgates/Documents/vibecoding/feedsilo/.superpowers/brainstorm/8783-1773344881/home-design.html"}
{"type":"screen-updated","file":"/Users/richgates/Documents/vibecoding/feedsilo/.superpowers/brainstorm/8783-1773344881/home-design.html"}
{"type":"screen-updated","file":"/Users/richgates/Documents/vibecoding/feedsilo/.superpowers/brainstorm/8783-1773344881/home-design.html"}
{"type":"screen-updated","file":"/Users/richgates/Documents/vibecoding/feedsilo/.superpowers/brainstorm/8783-1773344881/home-design.html"}
{"type":"screen-updated","file":"/Users/richgates/Documents/vibecoding/feedsilo/.superpowers/brainstorm/8783-1773344881/home-design.html"}
{"type":"screen-updated","file":"/Users/richgates/Documents/vibecoding/feedsilo/.superpowers/brainstorm/8783-1773344881/home-design.html"}
{"type":"screen-updated","file":"/Users/richgates/Documents/vibecoding/feedsilo/.superpowers/brainstorm/8783-1773344881/home-design.html"}
{"type":"screen-updated","file":"/Users/richgates/Documents/vibecoding/feedsilo/.superpowers/brainstorm/8783-1773344881/home-design.html"}
{"type":"screen-updated","file":"/Users/richgates/Documents/vibecoding/feedsilo/.superpowers/brainstorm/8783-1773344881/home-design.html"}
{"type":"screen-updated","file":"/Users/richgates/Documents/vibecoding/feedsilo/.superpowers/brainstorm/8783-1773344881/home-design.html"}
{"type":"screen-updated","file":"/Users/richgates/Documents/vibecoding/feedsilo/.superpowers/brainstorm/8783-1773344881/home-design.html"}
{"type":"screen-updated","file":"/Users/richgates/Documents/vibecoding/feedsilo/.superpowers/brainstorm/8783-1773344881/home-design.html"}
{"type":"screen-updated","file":"/Users/richgates/Documents/vibecoding/feedsilo/.superpowers/brainstorm/8783-1773344881/home-design.html"}
{"source":"user-event","type":"input","name":null,"id":null,"value":"there are two things that I don't like, and they're minor: 1. The logo/words that say \"Feed Silo\" on the upper left. I just don't like it. 2. The big, bold, and wide text","inputType":"text","timestamp":1773361945725}
{"type":"screen-added","file":"/Users/richgates/Documents/vibecoding/feedsilo/.superpowers/brainstorm/8783-1773344881/variation-1.html"}
{"type":"screen-added","file":"/Users/richgates/Documents/vibecoding/feedsilo/.superpowers/brainstorm/8783-1773344881/variation-2.html"}
{"type":"screen-added","file":"/Users/richgates/Documents/vibecoding/feedsilo/.superpowers/brainstorm/8783-1773344881/variation-3.html"}
{"type":"screen-added","file":"/Users/richgates/Documents/vibecoding/feedsilo/.superpowers/brainstorm/8783-1773344881/variation-4.html"}
{"type":"screen-added","file":"/Users/richgates/Documents/vibecoding/feedsilo/.superpowers/brainstorm/8783-1773344881/font-variations.html"}
{"source":"user-event","type":"click","text":"2Plus Jakarta Sans","choice":null,"id":null,"className":"tab-btn active","timestamp":1773362731039}
{"source":"user-event","type":"click","text":"3Outfit","choice":null,"id":null,"className":"tab-btn active","timestamp":1773362735321}
{"source":"user-event","type":"click","text":"4Bricolage Grotesque","choice":null,"id":null,"className":"tab-btn active","timestamp":1773362736790}
{"source":"user-event","type":"click","text":"3Outfit","choice":null,"id":null,"className":"tab-btn active","timestamp":1773362738321}
{"source":"user-event","type":"click","text":"2Plus Jakarta Sans","choice":null,"id":null,"className":"tab-btn active","timestamp":1773362739855}
{"source":"user-event","type":"click","text":"2Plus Jakarta Sans","choice":null,"id":null,"className":"tab-btn active","timestamp":1773362798781}
{"type":"screen-updated","file":"/Users/richgates/Documents/vibecoding/feedsilo/.superpowers/brainstorm/8783-1773344881/home-design.html"}
{"type":"screen-updated","file":"/Users/richgates/Documents/vibecoding/feedsilo/.superpowers/brainstorm/8783-1773344881/home-design.html"}
{"type":"screen-updated","file":"/Users/richgates/Documents/vibecoding/feedsilo/.superpowers/brainstorm/8783-1773344881/home-design.html"}
{"type":"screen-updated","file":"/Users/richgates/Documents/vibecoding/feedsilo/.superpowers/brainstorm/8783-1773344881/home-design.html"}
{"type":"screen-updated","file":"/Users/richgates/Documents/vibecoding/feedsilo/.superpowers/brainstorm/8783-1773344881/home-design.html"}
{"type":"screen-added","file":"/Users/richgates/Documents/vibecoding/feedsilo/.superpowers/brainstorm/8783-1773344881/detail-tweet.html"}
{"source":"user-event","type":"click","text":"Copy","choice":null,"id":null,"className":"copy-btn","timestamp":1773367945133}
{"source":"user-event","type":"input","name":null,"id":"fb-text","value":"lo","inputType":"textarea","timestamp":1773367972003}
{"source":"user-event","type":"input","name":null,"id":"fb-text","value":"love ","inputType":"textarea","timestamp":1773367973039}
{"source":"user-event","type":"input","name":null,"id":"fb-text","value":"love thi","inputType":"textarea","timestamp":1773367973977}
{"source":"user-event","type":"input","name":null,"id":"fb-text","value":"love this","inputType":"textarea","timestamp":1773367974532}
{"source":"user-event","type":"input","name":null,"id":"fb-text","value":"love this!","inputType":"textarea","timestamp":1773367975616}
{"source":"user-event","type":"click","text":"Send Feedback","choice":null,"id":null,"className":null,"timestamp":1773367976537}
{"type":"screen-added","file":"/Users/richgates/Documents/vibecoding/feedsilo/.superpowers/brainstorm/8783-1773344881/detail-thread.html"}
{"type":"screen-added","file":"/Users/richgates/Documents/vibecoding/feedsilo/.superpowers/brainstorm/8783-1773344881/detail-article.html"}
{"type":"screen-added","file":"/Users/richgates/Documents/vibecoding/feedsilo/.superpowers/brainstorm/8783-1773344881/detail-art.html"}
